[INFO][{2021-04-02 16:05:58,713][com.mf.dao.UserMapperTest]info:进入selectUser方法
[DEBUG][{2021-04-02 16:05:58,714][com.mf.dao.UserMapperTest]debug:进入selectUser方法
[ERROR][{2021-04-02 16:05:58,715][com.mf.dao.UserMapperTest]error:进入selectUser方法
[INFO][{2021-04-02 16:06:31,700][com.mf.dao.UserMapperTest]com.mf.dao.UserMapperTest.selectUser(UserMapperTest.java:36)info:进入selectUser方法
[DEBUG][{2021-04-02 16:06:31,703][com.mf.dao.UserMapperTest]com.mf.dao.UserMapperTest.selectUser(UserMapperTest.java:37)debug:进入selectUser方法
[ERROR][{2021-04-02 16:06:31,704][com.mf.dao.UserMapperTest]com.mf.dao.UserMapperTest.selectUser(UserMapperTest.java:38)error:进入selectUser方法
[DEBUG][{2021-04-02 16:30:19,008][org.apache.ibatis.logging.LogFactory]org.apache.ibatis.logging.LogFactory.setImplementation(LogFactory.java:105)Logging initialized using 'class org.apache.ibatis.logging.log4j.Log4jImpl' adapter.
[DEBUG][{2021-04-02 16:30:19,030][org.apache.ibatis.logging.LogFactory]org.apache.ibatis.logging.LogFactory.setImplementation(LogFactory.java:105)Logging initialized using 'class org.apache.ibatis.logging.log4j.Log4jImpl' adapter.
[DEBUG][{2021-04-02 16:30:19,077][org.apache.ibatis.datasource.pooled.PooledDataSource]org.apache.ibatis.datasource.pooled.PooledDataSource.forceCloseAll(PooledDataSource.java:353)PooledDataSource forcefully closed/removed all connections.
[DEBUG][{2021-04-02 16:30:19,078][org.apache.ibatis.datasource.pooled.PooledDataSource]org.apache.ibatis.datasource.pooled.PooledDataSource.forceCloseAll(PooledDataSource.java:353)PooledDataSource forcefully closed/removed all connections.
[DEBUG][{2021-04-02 16:30:19,078][org.apache.ibatis.datasource.pooled.PooledDataSource]org.apache.ibatis.datasource.pooled.PooledDataSource.forceCloseAll(PooledDataSource.java:353)PooledDataSource forcefully closed/removed all connections.
[DEBUG][{2021-04-02 16:30:19,079][org.apache.ibatis.datasource.pooled.PooledDataSource]org.apache.ibatis.datasource.pooled.PooledDataSource.forceCloseAll(PooledDataSource.java:353)PooledDataSource forcefully closed/removed all connections.
[DEBUG][{2021-04-02 16:30:19,246][org.apache.ibatis.transaction.jdbc.JdbcTransaction]org.apache.ibatis.transaction.jdbc.JdbcTransaction.openConnection(JdbcTransaction.java:136)Opening JDBC Connection
[DEBUG][{2021-04-02 16:30:19,702][org.apache.ibatis.datasource.pooled.PooledDataSource]org.apache.ibatis.datasource.pooled.PooledDataSource.popConnection(PooledDataSource.java:424)Created connection 1660794022.
[DEBUG][{2021-04-02 16:30:19,703][org.apache.ibatis.transaction.jdbc.JdbcTransaction]org.apache.ibatis.transaction.jdbc.JdbcTransaction.setDesiredAutoCommit(JdbcTransaction.java:100)Setting autocommit to false on JDBC Connection [com.mysql.jdbc.JDBC4Connection@62fdb4a6]
[DEBUG][{2021-04-02 16:30:19,710][com.mf.dao.UserMapper.getUserByLimit]org.apache.ibatis.logging.jdbc.BaseJdbcLogger.debug(BaseJdbcLogger.java:143)==>  Preparing: select * from mybatis.tb_user limit ?,? 
[DEBUG][{2021-04-02 16:30:19,758][com.mf.dao.UserMapper.getUserByLimit]org.apache.ibatis.logging.jdbc.BaseJdbcLogger.debug(BaseJdbcLogger.java:143)==> Parameters: 0(Integer), 2(Integer)
[DEBUG][{2021-04-02 16:30:19,797][com.mf.dao.UserMapper.getUserByLimit]org.apache.ibatis.logging.jdbc.BaseJdbcLogger.debug(BaseJdbcLogger.java:143)<==      Total: 2
[DEBUG][{2021-04-02 16:30:19,799][org.apache.ibatis.transaction.jdbc.JdbcTransaction]org.apache.ibatis.transaction.jdbc.JdbcTransaction.resetAutoCommit(JdbcTransaction.java:122)Resetting autocommit to true on JDBC Connection [com.mysql.jdbc.JDBC4Connection@62fdb4a6]
[DEBUG][{2021-04-02 16:30:19,800][org.apache.ibatis.transaction.jdbc.JdbcTransaction]org.apache.ibatis.transaction.jdbc.JdbcTransaction.close(JdbcTransaction.java:90)Closing JDBC Connection [com.mysql.jdbc.JDBC4Connection@62fdb4a6]
[DEBUG][{2021-04-02 16:30:19,801][org.apache.ibatis.datasource.pooled.PooledDataSource]org.apache.ibatis.datasource.pooled.PooledDataSource.pushConnection(PooledDataSource.java:381)Returned connection 1660794022 to pool.
[DEBUG][{2021-04-02 16:31:22,487][org.apache.ibatis.logging.LogFactory]org.apache.ibatis.logging.LogFactory.setImplementation(LogFactory.java:105)Logging initialized using 'class org.apache.ibatis.logging.log4j.Log4jImpl' adapter.
[DEBUG][{2021-04-02 16:31:22,495][org.apache.ibatis.logging.LogFactory]org.apache.ibatis.logging.LogFactory.setImplementation(LogFactory.java:105)Logging initialized using 'class org.apache.ibatis.logging.log4j.Log4jImpl' adapter.
[DEBUG][{2021-04-02 16:31:22,550][org.apache.ibatis.datasource.pooled.PooledDataSource]org.apache.ibatis.datasource.pooled.PooledDataSource.forceCloseAll(PooledDataSource.java:353)PooledDataSource forcefully closed/removed all connections.
[DEBUG][{2021-04-02 16:31:22,551][org.apache.ibatis.datasource.pooled.PooledDataSource]org.apache.ibatis.datasource.pooled.PooledDataSource.forceCloseAll(PooledDataSource.java:353)PooledDataSource forcefully closed/removed all connections.
[DEBUG][{2021-04-02 16:31:22,551][org.apache.ibatis.datasource.pooled.PooledDataSource]org.apache.ibatis.datasource.pooled.PooledDataSource.forceCloseAll(PooledDataSource.java:353)PooledDataSource forcefully closed/removed all connections.
[DEBUG][{2021-04-02 16:31:22,552][org.apache.ibatis.datasource.pooled.PooledDataSource]org.apache.ibatis.datasource.pooled.PooledDataSource.forceCloseAll(PooledDataSource.java:353)PooledDataSource forcefully closed/removed all connections.
[DEBUG][{2021-04-02 16:32:55,346][org.apache.ibatis.logging.LogFactory]org.apache.ibatis.logging.LogFactory.setImplementation(LogFactory.java:105)Logging initialized using 'class org.apache.ibatis.logging.log4j.Log4jImpl' adapter.
[DEBUG][{2021-04-02 16:32:55,353][org.apache.ibatis.logging.LogFactory]org.apache.ibatis.logging.LogFactory.setImplementation(LogFactory.java:105)Logging initialized using 'class org.apache.ibatis.logging.log4j.Log4jImpl' adapter.
[DEBUG][{2021-04-02 16:32:55,402][org.apache.ibatis.datasource.pooled.PooledDataSource]org.apache.ibatis.datasource.pooled.PooledDataSource.forceCloseAll(PooledDataSource.java:353)PooledDataSource forcefully closed/removed all connections.
[DEBUG][{2021-04-02 16:32:55,402][org.apache.ibatis.datasource.pooled.PooledDataSource]org.apache.ibatis.datasource.pooled.PooledDataSource.forceCloseAll(PooledDataSource.java:353)PooledDataSource forcefully closed/removed all connections.
[DEBUG][{2021-04-02 16:32:55,403][org.apache.ibatis.datasource.pooled.PooledDataSource]org.apache.ibatis.datasource.pooled.PooledDataSource.forceCloseAll(PooledDataSource.java:353)PooledDataSource forcefully closed/removed all connections.
[DEBUG][{2021-04-02 16:32:55,404][org.apache.ibatis.datasource.pooled.PooledDataSource]org.apache.ibatis.datasource.pooled.PooledDataSource.forceCloseAll(PooledDataSource.java:353)PooledDataSource forcefully closed/removed all connections.
[DEBUG][{2021-04-02 16:34:24,201][org.apache.ibatis.logging.LogFactory]org.apache.ibatis.logging.LogFactory.setImplementation(LogFactory.java:105)Logging initialized using 'class org.apache.ibatis.logging.log4j.Log4jImpl' adapter.
[DEBUG][{2021-04-02 16:34:24,206][org.apache.ibatis.logging.LogFactory]org.apache.ibatis.logging.LogFactory.setImplementation(LogFactory.java:105)Logging initialized using 'class org.apache.ibatis.logging.log4j.Log4jImpl' adapter.
[DEBUG][{2021-04-02 16:34:24,249][org.apache.ibatis.datasource.pooled.PooledDataSource]org.apache.ibatis.datasource.pooled.PooledDataSource.forceCloseAll(PooledDataSource.java:353)PooledDataSource forcefully closed/removed all connections.
[DEBUG][{2021-04-02 16:34:24,250][org.apache.ibatis.datasource.pooled.PooledDataSource]org.apache.ibatis.datasource.pooled.PooledDataSource.forceCloseAll(PooledDataSource.java:353)PooledDataSource forcefully closed/removed all connections.
[DEBUG][{2021-04-02 16:34:24,252][org.apache.ibatis.datasource.pooled.PooledDataSource]org.apache.ibatis.datasource.pooled.PooledDataSource.forceCloseAll(PooledDataSource.java:353)PooledDataSource forcefully closed/removed all connections.
[DEBUG][{2021-04-02 16:34:24,253][org.apache.ibatis.datasource.pooled.PooledDataSource]org.apache.ibatis.datasource.pooled.PooledDataSource.forceCloseAll(PooledDataSource.java:353)PooledDataSource forcefully closed/removed all connections.
[DEBUG][{2021-04-02 16:34:24,435][org.apache.ibatis.transaction.jdbc.JdbcTransaction]org.apache.ibatis.transaction.jdbc.JdbcTransaction.openConnection(JdbcTransaction.java:136)Opening JDBC Connection
[DEBUG][{2021-04-02 16:34:24,824][org.apache.ibatis.datasource.pooled.PooledDataSource]org.apache.ibatis.datasource.pooled.PooledDataSource.popConnection(PooledDataSource.java:424)Created connection 1660794022.
[DEBUG][{2021-04-02 16:34:24,825][org.apache.ibatis.transaction.jdbc.JdbcTransaction]org.apache.ibatis.transaction.jdbc.JdbcTransaction.setDesiredAutoCommit(JdbcTransaction.java:100)Setting autocommit to false on JDBC Connection [com.mysql.jdbc.JDBC4Connection@62fdb4a6]
[DEBUG][{2021-04-02 16:34:24,833][com.mf.dao.UserMapper.getUserByLimit]org.apache.ibatis.logging.jdbc.BaseJdbcLogger.debug(BaseJdbcLogger.java:143)==>  Preparing: select * from mybatis.tb_user limit ?,? 
[DEBUG][{2021-04-02 16:34:24,885][com.mf.dao.UserMapper.getUserByLimit]org.apache.ibatis.logging.jdbc.BaseJdbcLogger.debug(BaseJdbcLogger.java:143)==> Parameters: 0(Integer), 2(Integer)
[DEBUG][{2021-04-02 16:34:24,909][com.mf.dao.UserMapper.getUserByLimit]org.apache.ibatis.logging.jdbc.BaseJdbcLogger.debug(BaseJdbcLogger.java:143)<==      Total: 2
[DEBUG][{2021-04-02 16:34:24,910][org.apache.ibatis.transaction.jdbc.JdbcTransaction]org.apache.ibatis.transaction.jdbc.JdbcTransaction.resetAutoCommit(JdbcTransaction.java:122)Resetting autocommit to true on JDBC Connection [com.mysql.jdbc.JDBC4Connection@62fdb4a6]
[DEBUG][{2021-04-02 16:34:24,911][org.apache.ibatis.transaction.jdbc.JdbcTransaction]org.apache.ibatis.transaction.jdbc.JdbcTransaction.close(JdbcTransaction.java:90)Closing JDBC Connection [com.mysql.jdbc.JDBC4Connection@62fdb4a6]
[DEBUG][{2021-04-02 16:34:24,912][org.apache.ibatis.datasource.pooled.PooledDataSource]org.apache.ibatis.datasource.pooled.PooledDataSource.pushConnection(PooledDataSource.java:381)Returned connection 1660794022 to pool.
[DEBUG][{2021-04-02 16:48:22,607][org.apache.ibatis.logging.LogFactory]org.apache.ibatis.logging.LogFactory.setImplementation(LogFactory.java:105)Logging initialized using 'class org.apache.ibatis.logging.log4j.Log4jImpl' adapter.
[DEBUG][{2021-04-02 16:48:22,612][org.apache.ibatis.logging.LogFactory]org.apache.ibatis.logging.LogFactory.setImplementation(LogFactory.java:105)Logging initialized using 'class org.apache.ibatis.logging.log4j.Log4jImpl' adapter.
[DEBUG][{2021-04-02 16:48:22,652][org.apache.ibatis.datasource.pooled.PooledDataSource]org.apache.ibatis.datasource.pooled.PooledDataSource.forceCloseAll(PooledDataSource.java:353)PooledDataSource forcefully closed/removed all connections.
[DEBUG][{2021-04-02 16:48:22,654][org.apache.ibatis.datasource.pooled.PooledDataSource]org.apache.ibatis.datasource.pooled.PooledDataSource.forceCloseAll(PooledDataSource.java:353)PooledDataSource forcefully closed/removed all connections.
[DEBUG][{2021-04-02 16:48:22,655][org.apache.ibatis.datasource.pooled.PooledDataSource]org.apache.ibatis.datasource.pooled.PooledDataSource.forceCloseAll(PooledDataSource.java:353)PooledDataSource forcefully closed/removed all connections.
[DEBUG][{2021-04-02 16:48:22,655][org.apache.ibatis.datasource.pooled.PooledDataSource]org.apache.ibatis.datasource.pooled.PooledDataSource.forceCloseAll(PooledDataSource.java:353)PooledDataSource forcefully closed/removed all connections.
[DEBUG][{2021-04-02 16:48:22,829][org.apache.ibatis.transaction.jdbc.JdbcTransaction]org.apache.ibatis.transaction.jdbc.JdbcTransaction.openConnection(JdbcTransaction.java:136)Opening JDBC Connection
[DEBUG][{2021-04-02 16:48:23,244][org.apache.ibatis.datasource.pooled.PooledDataSource]org.apache.ibatis.datasource.pooled.PooledDataSource.popConnection(PooledDataSource.java:424)Created connection 1660794022.
[DEBUG][{2021-04-02 16:48:23,244][org.apache.ibatis.transaction.jdbc.JdbcTransaction]org.apache.ibatis.transaction.jdbc.JdbcTransaction.setDesiredAutoCommit(JdbcTransaction.java:100)Setting autocommit to false on JDBC Connection [com.mysql.jdbc.JDBC4Connection@62fdb4a6]
[DEBUG][{2021-04-02 16:48:23,254][com.mf.dao.UserMapper.getUserByLimit]org.apache.ibatis.logging.jdbc.BaseJdbcLogger.debug(BaseJdbcLogger.java:143)==>  Preparing: select * from mybatis.tb_user limit ?,? 
[DEBUG][{2021-04-02 16:48:23,301][com.mf.dao.UserMapper.getUserByLimit]org.apache.ibatis.logging.jdbc.BaseJdbcLogger.debug(BaseJdbcLogger.java:143)==> Parameters: 0(Integer), 2(Integer)
[DEBUG][{2021-04-02 16:48:23,329][com.mf.dao.UserMapper.getUserByLimit]org.apache.ibatis.logging.jdbc.BaseJdbcLogger.debug(BaseJdbcLogger.java:143)<==      Total: 2
[DEBUG][{2021-04-02 16:48:23,330][org.apache.ibatis.transaction.jdbc.JdbcTransaction]org.apache.ibatis.transaction.jdbc.JdbcTransaction.resetAutoCommit(JdbcTransaction.java:122)Resetting autocommit to true on JDBC Connection [com.mysql.jdbc.JDBC4Connection@62fdb4a6]
[DEBUG][{2021-04-02 16:48:23,331][org.apache.ibatis.transaction.jdbc.JdbcTransaction]org.apache.ibatis.transaction.jdbc.JdbcTransaction.close(JdbcTransaction.java:90)Closing JDBC Connection [com.mysql.jdbc.JDBC4Connection@62fdb4a6]
[DEBUG][{2021-04-02 16:48:23,333][org.apache.ibatis.datasource.pooled.PooledDataSource]org.apache.ibatis.datasource.pooled.PooledDataSource.pushConnection(PooledDataSource.java:381)Returned connection 1660794022 to pool.
[DEBUG][{2021-04-02 16:58:57,246][org.apache.ibatis.logging.LogFactory]org.apache.ibatis.logging.LogFactory.setImplementation(LogFactory.java:105)Logging initialized using 'class org.apache.ibatis.logging.log4j.Log4jImpl' adapter.
[DEBUG][{2021-04-02 16:58:57,256][org.apache.ibatis.logging.LogFactory]org.apache.ibatis.logging.LogFactory.setImplementation(LogFactory.java:105)Logging initialized using 'class org.apache.ibatis.logging.log4j.Log4jImpl' adapter.
[DEBUG][{2021-04-02 16:58:57,286][org.apache.ibatis.datasource.pooled.PooledDataSource]org.apache.ibatis.datasource.pooled.PooledDataSource.forceCloseAll(PooledDataSource.java:353)PooledDataSource forcefully closed/removed all connections.
[DEBUG][{2021-04-02 16:58:57,286][org.apache.ibatis.datasource.pooled.PooledDataSource]org.apache.ibatis.datasource.pooled.PooledDataSource.forceCloseAll(PooledDataSource.java:353)PooledDataSource forcefully closed/removed all connections.
[DEBUG][{2021-04-02 16:58:57,296][org.apache.ibatis.datasource.pooled.PooledDataSource]org.apache.ibatis.datasource.pooled.PooledDataSource.forceCloseAll(PooledDataSource.java:353)PooledDataSource forcefully closed/removed all connections.
[DEBUG][{2021-04-02 16:58:57,296][org.apache.ibatis.datasource.pooled.PooledDataSource]org.apache.ibatis.datasource.pooled.PooledDataSource.forceCloseAll(PooledDataSource.java:353)PooledDataSource forcefully closed/removed all connections.
[DEBUG][{2021-04-02 16:58:57,426][org.apache.ibatis.transaction.jdbc.JdbcTransaction]org.apache.ibatis.transaction.jdbc.JdbcTransaction.openConnection(JdbcTransaction.java:136)Opening JDBC Connection
[DEBUG][{2021-04-02 16:58:57,826][org.apache.ibatis.datasource.pooled.PooledDataSource]org.apache.ibatis.datasource.pooled.PooledDataSource.popConnection(PooledDataSource.java:424)Created connection 520022247.
[DEBUG][{2021-04-02 16:58:57,826][org.apache.ibatis.transaction.jdbc.JdbcTransaction]org.apache.ibatis.transaction.jdbc.JdbcTransaction.setDesiredAutoCommit(JdbcTransaction.java:100)Setting autocommit to false on JDBC Connection [com.mysql.jdbc.JDBC4Connection@1efee8e7]
[DEBUG][{2021-04-02 16:58:57,836][com.mf.dao.UserMapper.getUserByLimitRowBounds]org.apache.ibatis.logging.jdbc.BaseJdbcLogger.debug(BaseJdbcLogger.java:143)==>  Preparing: select * from mybatis.tb_user 
[DEBUG][{2021-04-02 16:58:57,876][com.mf.dao.UserMapper.getUserByLimitRowBounds]org.apache.ibatis.logging.jdbc.BaseJdbcLogger.debug(BaseJdbcLogger.java:143)==> Parameters: 
[DEBUG][{2021-04-02 16:58:57,906][org.apache.ibatis.transaction.jdbc.JdbcTransaction]org.apache.ibatis.transaction.jdbc.JdbcTransaction.resetAutoCommit(JdbcTransaction.java:122)Resetting autocommit to true on JDBC Connection [com.mysql.jdbc.JDBC4Connection@1efee8e7]
[DEBUG][{2021-04-02 16:58:57,906][org.apache.ibatis.transaction.jdbc.JdbcTransaction]org.apache.ibatis.transaction.jdbc.JdbcTransaction.close(JdbcTransaction.java:90)Closing JDBC Connection [com.mysql.jdbc.JDBC4Connection@1efee8e7]
[DEBUG][{2021-04-02 16:58:57,906][org.apache.ibatis.datasource.pooled.PooledDataSource]org.apache.ibatis.datasource.pooled.PooledDataSource.pushConnection(PooledDataSource.java:381)Returned connection 520022247 to pool.
